<!DOCTYPE HTML PUBLIC "-//W3C//DTD HTML 3.2//EN">
<HTML>
 <HEAD>
   <TITLE> [Twisted-Python] twisted 1.3.0 unit test errors
   </TITLE>
   <LINK REL="Index" HREF="index.html" >
   <LINK REL="made" HREF="mailto:twisted-python%40twistedmatrix.com?Subject=%5BTwisted-Python%5D%20twisted%201.3.0%20unit%20test%20errors&In-Reply-To=">
   <META NAME="robots" CONTENT="index,nofollow">
   <META http-equiv="Content-Type" content="text/html; charset=us-ascii">
   <LINK REL="Previous"  HREF="011241.html">
   <LINK REL="Next"  HREF="011248.html">
 </HEAD>
 <BODY BGCOLOR="#ffffff">
   <H1>[Twisted-Python] twisted 1.3.0 unit test errors</H1>
    <B>Warren Pollans</B> 
    <A HREF="mailto:twisted-python%40twistedmatrix.com?Subject=%5BTwisted-Python%5D%20twisted%201.3.0%20unit%20test%20errors&In-Reply-To="
       TITLE="[Twisted-Python] twisted 1.3.0 unit test errors">wpollans at gmail.com
       </A><BR>
    <I>Sun Aug 28 11:22:07 EDT 2005</I>
    <P><UL>
        <LI>Previous message: <A HREF="011241.html">[Twisted-Python] t.trial.remote -- does anyone use it?
</A></li>
        <LI>Next message: <A HREF="011248.html">[Twisted-Python] twisted 1.3.0 unit test errors
</A></li>
         <LI> <B>Messages sorted by:</B> 
              <a href="date.html#11247">[ date ]</a>
              <a href="thread.html#11247">[ thread ]</a>
              <a href="subject.html#11247">[ subject ]</a>
              <a href="author.html#11247">[ author ]</a>
         </LI>
       </UL>
    <HR>  
<!--beginarticle-->
<PRE>Hello,

I've started installing selenium on my ibook (OSX.3.9, python 2.3)

I just installed Twisted 1.3.0.  When I run admin/runtests from the  
install directory, I get the following results - Are these failures and  
errors acceptable?  I've installed pyOpenSSL and pyCrypto, but not  
pySerial

FAILED (failures=4, errors=2, skips=33, expectedFailures=4)

Are these acceptable?  Or what do I need to do to try to fix this  
before continuing the selenium install?

Thanks,

Warren

======================================================================== 
=======
FAILURE: testWhich (twisted.test.test_process.UtilTestCase)
------------------------------------------------------------------------ 
-------
Traceback (most recent call last):
   File &quot;/Users/warren/Desktop/Twisted-1.3.0/twisted/trial/unittest.py&quot;,  
line 252, in _runPhase
     stage(*args, **kwargs)
   File &quot;/Users/warren/Desktop/Twisted-1.3.0/twisted/trial/unittest.py&quot;,  
line 274, in _main
     self.runner(self.method)
   File &quot;/Users/warren/Desktop/Twisted-1.3.0/twisted/trial/runner.py&quot;,  
line 104, in runTest
     method()
   File  
&quot;/Users/warren/Desktop/Twisted-1.3.0/twisted/test/test_process.py&quot;,  
line 661, in testWhich
     self.assertEquals(paths, [
   File &quot;/Users/warren/Desktop/Twisted-1.3.0/twisted/trial/unittest.py&quot;,  
line 127, in failUnlessEqual
     raise FailTest, (msg or '%r != %r' % (first, second))
FailTest: ['foo/baz/executable', 'baz/foo/executable',  
'baz/bar/executable'] != ['foo/baz/executable', 'baz/foo/executable']
======================================================================== 
=======
FAILURE: testWhichPathExt (twisted.test.test_process.UtilTestCase)
------------------------------------------------------------------------ 
-------
Traceback (most recent call last):
   File &quot;/Users/warren/Desktop/Twisted-1.3.0/twisted/trial/unittest.py&quot;,  
line 252, in _runPhase
     stage(*args, **kwargs)
   File &quot;/Users/warren/Desktop/Twisted-1.3.0/twisted/trial/unittest.py&quot;,  
line 274, in _main
     self.runner(self.method)
   File &quot;/Users/warren/Desktop/Twisted-1.3.0/twisted/trial/runner.py&quot;,  
line 104, in runTest
     method()
   File  
&quot;/Users/warren/Desktop/Twisted-1.3.0/twisted/test/test_process.py&quot;,  
line 676, in testWhichPathExt
     self.assertEquals(paths, [
   File &quot;/Users/warren/Desktop/Twisted-1.3.0/twisted/trial/unittest.py&quot;,  
line 127, in failUnlessEqual
     raise FailTest, (msg or '%r != %r' % (first, second))
FailTest: ['foo/baz/executable', 'baz/foo/executable',  
'baz/foo/executable.bin', 'baz/bar/executable'] !=  
['foo/baz/executable', 'baz/foo/executable', 'baz/foo/executable.bin']
======================================================================== 
=======
FAILURE: testDownloadPageError3  
(twisted.test.test_webclient.WebClientSSLTestCase)
------------------------------------------------------------------------ 
-------
Traceback (most recent call last):
   File &quot;/Users/warren/Desktop/Twisted-1.3.0/twisted/trial/unittest.py&quot;,  
line 252, in _runPhase
     stage(*args, **kwargs)
   File &quot;/Users/warren/Desktop/Twisted-1.3.0/twisted/trial/unittest.py&quot;,  
line 274, in _main
     self.runner(self.method)
   File &quot;/Users/warren/Desktop/Twisted-1.3.0/twisted/trial/runner.py&quot;,  
line 104, in runTest
     method()
   File  
&quot;/Users/warren/Desktop/Twisted-1.3.0/twisted/test/test_webclient.py&quot;,  
line 175, in testDownloadPageError3
     f = unittest.deferredError(d)
   File &quot;/Users/warren/Desktop/Twisted-1.3.0/twisted/trial/util.py&quot;,  
line 106, in deferredError
     raise unittest.FailTest, &quot;Deferred did not fail: %r&quot; % (result,)
FailTest: Deferred did not fail: None
======================================================================== 
=======
FAILURE: testDownloadPageError3  
(twisted.test.test_webclient.WebClientTestCase)
------------------------------------------------------------------------ 
-------
Traceback (most recent call last):
   File &quot;/Users/warren/Desktop/Twisted-1.3.0/twisted/trial/unittest.py&quot;,  
line 252, in _runPhase
     stage(*args, **kwargs)
   File &quot;/Users/warren/Desktop/Twisted-1.3.0/twisted/trial/unittest.py&quot;,  
line 274, in _main
     self.runner(self.method)
   File &quot;/Users/warren/Desktop/Twisted-1.3.0/twisted/trial/runner.py&quot;,  
line 104, in runTest
     method()
   File  
&quot;/Users/warren/Desktop/Twisted-1.3.0/twisted/test/test_webclient.py&quot;,  
line 175, in testDownloadPageError3
     f = unittest.deferredError(d)
   File &quot;/Users/warren/Desktop/Twisted-1.3.0/twisted/trial/util.py&quot;,  
line 106, in deferredError
     raise unittest.FailTest, &quot;Deferred did not fail: %r&quot; % (result,)
FailTest: Deferred did not fail: None
======================================================================== 
=======
ERROR: testConnectionRefused  
(twisted.test.test_udp.OldConnectedUDPTestCase)
------------------------------------------------------------------------ 
-------
Traceback (most recent call last):
   File &quot;/Users/warren/Desktop/Twisted-1.3.0/twisted/trial/unittest.py&quot;,  
line 252, in _runPhase
     stage(*args, **kwargs)
   File &quot;/Users/warren/Desktop/Twisted-1.3.0/twisted/trial/unittest.py&quot;,  
line 274, in _main
     self.runner(self.method)
   File &quot;/Users/warren/Desktop/Twisted-1.3.0/twisted/trial/runner.py&quot;,  
line 104, in runTest
     method()
   File &quot;/Users/warren/Desktop/Twisted-1.3.0/twisted/test/test_udp.py&quot;,  
line 123, in testConnectionRefused
     self.assertEquals(client.refused, 1)
AttributeError: Client instance has no attribute 'refused'
======================================================================== 
=======
ERROR: testConnectionRefused (twisted.test.test_udp.UDPTestCase)
------------------------------------------------------------------------ 
-------
Traceback (most recent call last):
   File &quot;/Users/warren/Desktop/Twisted-1.3.0/twisted/trial/unittest.py&quot;,  
line 252, in _runPhase
     stage(*args, **kwargs)
   File &quot;/Users/warren/Desktop/Twisted-1.3.0/twisted/trial/unittest.py&quot;,  
line 274, in _main
     self.runner(self.method)
   File &quot;/Users/warren/Desktop/Twisted-1.3.0/twisted/trial/runner.py&quot;,  
line 104, in runTest
     method()
   File &quot;/Users/warren/Desktop/Twisted-1.3.0/twisted/test/test_udp.py&quot;,  
line 216, in testConnectionRefused
     self.assertEquals(client.refused, 1)
AttributeError: GoodClient instance has no attribute 'refused'
------------------------------------------------------------------------ 
-------
Ran 1227 tests in 501.362s

FAILED (failures=4, errors=2, skips=33, expectedFailures=4)



</PRE>

<!--endarticle-->
    <HR>
    <P><UL>
        <!--threads-->
	<LI>Previous message: <A HREF="011241.html">[Twisted-Python] t.trial.remote -- does anyone use it?
</A></li>
	<LI>Next message: <A HREF="011248.html">[Twisted-Python] twisted 1.3.0 unit test errors
</A></li>
         <LI> <B>Messages sorted by:</B> 
              <a href="date.html#11247">[ date ]</a>
              <a href="thread.html#11247">[ thread ]</a>
              <a href="subject.html#11247">[ subject ]</a>
              <a href="author.html#11247">[ author ]</a>
         </LI>
       </UL>

<hr>
<a href="http://twistedmatrix.com/cgi-bin/mailman/listinfo/twisted-python">More information about the Twisted-Python
mailing list</a><br>
</body></html>
